c:\users\chris\onedrive\desktop\billing\x64\debug\vc143.pdb
c:\users\chris\onedrive\desktop\billing\x64\debug\.netframework,version=v4.8.assemblyattributes.obj
c:\users\chris\onedrive\desktop\billing\x64\debug\myform.obj
c:\users\chris\onedrive\desktop\billing\x64\debug\billing.exe
c:\users\chris\onedrive\desktop\billing\x64\debug\billing.pdb
c:\users\chris\onedrive\desktop\billing\x64\debug\billing.exe.metagen
c:\users\chris\onedrive\desktop\billing\x64\debug\billing.tlog\cl.command.1.tlog
c:\users\chris\onedrive\desktop\billing\x64\debug\billing.tlog\cl.items.tlog
c:\users\chris\onedrive\desktop\billing\x64\debug\billing.tlog\cl.read.1.tlog
c:\users\chris\onedrive\desktop\billing\x64\debug\billing.tlog\cl.write.1.tlog
c:\users\chris\onedrive\desktop\billing\x64\debug\billing.tlog\link.9880-cvtres.read.1.tlog
c:\users\chris\onedrive\desktop\billing\x64\debug\billing.tlog\link.9880-cvtres.write.1.tlog
c:\users\chris\onedrive\desktop\billing\x64\debug\billing.tlog\link.9880-rc.read.1.tlog
c:\users\chris\onedrive\desktop\billing\x64\debug\billing.tlog\link.9880-rc.write.1.tlog
c:\users\chris\onedrive\desktop\billing\x64\debug\billing.tlog\link.9880.read.1.tlog
c:\users\chris\onedrive\desktop\billing\x64\debug\billing.tlog\link.9880.read.2.tlog
c:\users\chris\onedrive\desktop\billing\x64\debug\billing.tlog\link.9880.write.1.tlog
c:\users\chris\onedrive\desktop\billing\x64\debug\billing.tlog\link.command.1.tlog
c:\users\chris\onedrive\desktop\billing\x64\debug\billing.tlog\link.read.1.tlog
c:\users\chris\onedrive\desktop\billing\x64\debug\billing.tlog\link.read.2.tlog
c:\users\chris\onedrive\desktop\billing\x64\debug\billing.tlog\link.write.1.tlog
c:\users\chris\onedrive\desktop\billing\x64\debug\billing.tlog\metagen.read.1.tlog
c:\users\chris\onedrive\desktop\billing\x64\debug\billing.tlog\metagen.write.1.tlog
c:\users\chris\onedrive\desktop\billing\x64\debug\billing.tlog\resgen.command.1.tlog
c:\users\chris\onedrive\desktop\billing\x64\debug\billing.tlog\resgen.read.1.tlog
c:\users\chris\onedrive\desktop\billing\x64\debug\billing.tlog\resgen.write.1.tlog
